
20200226 21:41:43;
20200226 21:42:53;
20200226 21:47:19;Er is een nieuw urenregistratie systeem ontwikkeld welke de excel sheets vervangt.
Zorg dat je je uren nauwkeurig invult, zowel de facturabele als de niet facturabele uren.
Ook je verlofuren dien je correct in te vullen. Er wordt nl. ook bijgehouden hoeveel verlofuren je nog over hebt.
Heb je vragen en/of opmerkingen of zit er een bepaalde urensoort niet tussen die jij wel verwacht, stuur dan even een mail naar Robert van der Lans en Mark Wage.
20200226 21:48:52;
20200227 09:30:08;aantal: 
20200227 09:31:02;aantal: 0
20200227 09:35:03;aantal rijen: 0
20200227 09:56:21;aantal rijen: 2
20200227 23:12:22;POST
20200227 23:12:22;maand-jaar: 1-
20200227 23:22:51;POST
20200227 23:22:51;maand-jaar: 1-
20200228 15:06:42;
20200228 15:07:53;na decryptdemo
20200228 15:07:53;
20200228 15:09:51;Username na sql: 
20200228 15:09:55;na decrypt demo
20200228 15:09:55;Username na sql: demo
20200228 15:12:59;na decrypt demo
20200228 15:13:17;na decrypt demo
20200228 15:13:17;Username na sql: demo
20200228 15:14:07;na decrypt demo
20200228 15:14:07;Username na sql: demo
20200228 15:15:09;na decrypt demo
20200228 15:15:09;Username na sql: demo
20200228 15:15:29;Username na sql: 
20200228 15:23:09;na decrypt demo
20200228 15:23:09;Username na sql: demo
20200228 15:23:40;Username na sql: 
20200228 15:24:00;na decrypt demo
20200228 15:24:00;Username na sql: demo
20200228 15:25:04;na decrypt demo
20200228 15:25:04;Username na sql: demo
20200228 15:25:22;na decrypt demo
20200228 15:25:22;Username na sql: demo
20200228 15:25:24;Username na sql: 
20200228 15:25:31;Username na sql: 
20200228 15:27:22;na decrypt demo
20200228 15:27:22;Username na sql: demo
20200228 15:27:25;Form is gesubmit. Emailadres 
20200228 15:27:25;Username na sql: 
20200228 15:27:41;Username na sql: 
20200228 15:27:46;na decrypt demo
20200228 15:27:46;Username na sql: demo
20200228 15:28:40;Username na sql: 
20200228 15:28:44;na decrypt demo
20200228 15:28:44;Username na sql: demo
20200228 15:29:32;Username na sql: 
20200228 15:29:37;na decrypt demo
20200228 15:29:37;Username na sql: demo
20200228 15:30:01;Form is gesubmit. Emailadres: demomirage@mirage.nl
20200228 15:30:02;Username na sql: 
20200228 15:38:46;na decrypt demo
20200228 15:38:46;Username na sql: demo
20200228 15:38:59;Form is gesubmit. Emailadres: demomirage@mirage.nl
20200228 15:39:00;Username na sql: 
20200228 15:41:43;na decrypt demo
20200228 15:41:43;Username na sql: demo
20200228 15:41:47;Form is gesubmit. Emailadres: demomirage@mirage.nl
20200228 15:41:48;Username na sql: 