20190415 19:33:51;index;mwage;Query: SELECT * FROM uren where user='mwage' GROUP BY user, jaar, week ORDER BY jaar desc , week desc , datum desc LIMIT 10
20190415 19:33:51;index;mwage;Totaal aantal rijen uit de select-query: 6
20190415 20:10:11;index;mwage;Query: SELECT * FROM uren where user='mwage' GROUP BY user, jaar, week ORDER BY jaar desc , week desc , datum desc LIMIT 10
20190415 20:10:11;index;mwage;Totaal aantal rijen uit de select-query: 6
20190416 12:10:00;index;;Query: SELECT * FROM uren where user='' GROUP BY user, jaar, week ORDER BY jaar desc , week desc , datum desc LIMIT 10
20190416 12:10:00;index;;Totaal aantal rijen uit de select-query: 0
20190416 13:20:32;index;;Query: SELECT * FROM uren where user='' GROUP BY user, jaar, week ORDER BY jaar desc , week desc , datum desc LIMIT 10
20190416 13:20:32;index;;Totaal aantal rijen uit de select-query: 0
20190416 13:20:37;login;mwage;User mwage is succesvol ingelogd.
20190416 13:20:37;index;mwage;Query: SELECT * FROM uren where user='mwage' GROUP BY user, jaar, week ORDER BY jaar desc , week desc , datum desc LIMIT 10
20190416 13:20:37;index;mwage;Totaal aantal rijen uit de select-query: 6
20190416 13:20:59;uren;mwage;UPDWEEK 001 Op refresh gedrukt POST(week): 201916
20190416 13:20:59;uren;mwage;BTNSAVE Controle of er al gegevens van jaar 2019 en week 16 zijn
20190416 13:20:59;uren;mwage;BTNSAVE Query: SELECT * FROM uren where user='mwage' AND week='16' AND jaar='2019'
20190416 13:20:59;uren;mwage;BTNSAVE Records worden verwijderd van jaar 2019 en week 16 voor het updaten van de betreffende week
20190416 13:20:59;uren;mwage;BTNSAVE Query: DELETE FROM uren where user='mwage' AND week='16' AND jaar='2019'
20190416 13:20:59;uren;mwage;BTNSAVE Records worden toegevoegd van jaar 2019 en week 16 voor het updaten van de betreffende week
20190416 13:20:59;uren;mwage;BTNSAVE Query: INSERT INTO uren (jaar, week, dagnummer, soortuur, datum, uren, user)
                        values('2019', '16', '0', 'MIR000UU', '2019-04-15', '16.00', 'mwage')
20190416 13:20:59;uren;mwage;BTNSAVE Records worden toegevoegd van jaar 2019 en week 16 voor het updaten van de betreffende week
20190416 13:20:59;uren;mwage;BTNSAVE Query: INSERT INTO uren (jaar, week, dagnummer, soortuur, datum, uren, user)
                        values('2019', '16', '1', 'MIR000UU', '2019-04-16', '16.00', 'mwage')
20190416 13:20:59;uren;mwage;BTNSAVE Records worden toegevoegd van jaar 2019 en week 16 voor het updaten van de betreffende week
20190416 13:20:59;uren;mwage;BTNSAVE Query: INSERT INTO uren (jaar, week, dagnummer, soortuur, datum, uren, user)
                        values('2019', '16', '2', 'MIR000UU', '2019-04-17', '16.00', 'mwage')
20190416 13:20:59;uren;mwage;BTNSAVE Records worden toegevoegd van jaar 2019 en week 16 voor het updaten van de betreffende week
20190416 13:20:59;uren;mwage;BTNSAVE Query: INSERT INTO uren (jaar, week, dagnummer, soortuur, datum, uren, user)
                        values('2019', '16', '3', 'MIR000UU', '2019-04-18', '16.00', 'mwage')
20190416 13:20:59;uren;mwage;BTNSAVE Records worden toegevoegd van jaar 2019 en week 16 voor het updaten van de betreffende week
20190416 13:20:59;uren;mwage;BTNSAVE Query: INSERT INTO uren (jaar, week, dagnummer, soortuur, datum, uren, user)
                        values('2019', '16', '4', 'MIR000UU', '2019-04-19', '16.00', 'mwage')
20190416 13:20:59;uren;mwage;BTNSAVE Records worden toegevoegd van jaar 2019 en week 16 voor het updaten van de betreffende week
20190416 13:20:59;uren;mwage;BTNSAVE Query: INSERT INTO uren (jaar, week, dagnummer, soortuur, datum, uren, user)
                        values('2019', '16', '5', 'MIR000UU', '2019-04-20', '16.00', 'mwage')
20190416 13:20:59;uren;mwage;BTNSAVE Records worden toegevoegd van jaar 2019 en week 16 voor het updaten van de betreffende week
20190416 13:20:59;uren;mwage;BTNSAVE Query: INSERT INTO uren (jaar, week, dagnummer, soortuur, datum, uren, user)
                        values('2019', '16', '6', 'MIR000UU', '2019-04-21', '16.00', 'mwage')
20190416 13:20:59;uren;mwage;BTNSAVE Records worden toegevoegd van jaar 2019 en week 16 voor het updaten van de betreffende week
20190416 13:20:59;uren;mwage;BTNSAVE Query: INSERT INTO uren (jaar, week, dagnummer, soortuur, datum, uren, user)
                        values('2019', '16', '5', 'MIR200OV', '2019-04-20', '3.00', 'mwage')
20190416 13:20:59;uren;mwage;BTNSAVE Records worden toegevoegd van jaar 2019 en week 16 voor het updaten van de betreffende week
20190416 13:20:59;uren;mwage;BTNSAVE Query: INSERT INTO uren (jaar, week, dagnummer, soortuur, datum, uren, user)
                        values('2019', '16', '6', 'MIR200OV', '2019-04-21', '3.00', 'mwage')
20190416 13:21:09;uren;mwage;UPDWEEK 001 Op refresh gedrukt POST(week): 201912
20190416 13:21:12;uren;mwage;UPDWEEK 001 Op refresh gedrukt POST(week): 201912
20190416 13:21:12;uren;mwage;BTNSAVE Controle of er al gegevens van jaar 2019 en week 12 zijn
20190416 13:21:12;uren;mwage;BTNSAVE Query: SELECT * FROM uren where user='mwage' AND week='12' AND jaar='2019'
20190416 13:21:12;uren;mwage;BTNSAVE Records worden verwijderd van jaar 2019 en week 12 voor het updaten van de betreffende week
20190416 13:21:12;uren;mwage;BTNSAVE Query: DELETE FROM uren where user='mwage' AND week='12' AND jaar='2019'
20190416 13:21:12;uren;mwage;BTNSAVE Records worden toegevoegd van jaar 2019 en week 12 voor het updaten van de betreffende week
20190416 13:21:12;uren;mwage;BTNSAVE Query: INSERT INTO uren (jaar, week, dagnummer, soortuur, datum, uren, user)
                        values('2019', '12', '0', 'MIR000UU', '2019-03-18', '8.00', 'mwage')
20190416 13:21:12;uren;mwage;BTNSAVE Records worden toegevoegd van jaar 2019 en week 12 voor het updaten van de betreffende week
20190416 13:21:12;uren;mwage;BTNSAVE Query: INSERT INTO uren (jaar, week, dagnummer, soortuur, datum, uren, user)
                        values('2019', '12', '2', 'MIR000UU', '2019-03-20', '8.00', 'mwage')
20190416 13:21:12;uren;mwage;BTNSAVE Records worden toegevoegd van jaar 2019 en week 12 voor het updaten van de betreffende week
20190416 13:21:12;uren;mwage;BTNSAVE Query: INSERT INTO uren (jaar, week, dagnummer, soortuur, datum, uren, user)
                        values('2019', '12', '4', 'MIR000UU', '2019-03-22', '8.00', 'mwage')
20190416 13:21:12;uren;mwage;BTNSAVE Records worden toegevoegd van jaar 2019 en week 12 voor het updaten van de betreffende week
20190416 13:21:12;uren;mwage;BTNSAVE Query: INSERT INTO uren (jaar, week, dagnummer, soortuur, datum, uren, user)
                        values('2019', '12', '0', 'MIR030IN', '2019-03-18', '5.00', 'mwage')
20190416 13:21:12;uren;mwage;BTNSAVE Records worden toegevoegd van jaar 2019 en week 12 voor het updaten van de betreffende week
20190416 13:21:12;uren;mwage;BTNSAVE Query: INSERT INTO uren (jaar, week, dagnummer, soortuur, datum, uren, user)
                        values('2019', '12', '1', 'MIR030IN', '2019-03-19', '3.00', 'mwage')
20190416 13:21:12;uren;mwage;BTNSAVE Records worden toegevoegd van jaar 2019 en week 12 voor het updaten van de betreffende week
20190416 13:21:12;uren;mwage;BTNSAVE Query: INSERT INTO uren (jaar, week, dagnummer, soortuur, datum, uren, user)
                        values('2019', '12', '2', 'MIR030IN', '2019-03-20', '2.00', 'mwage')
20190416 13:21:12;uren;mwage;BTNSAVE Records worden toegevoegd van jaar 2019 en week 12 voor het updaten van de betreffende week
20190416 13:21:12;uren;mwage;BTNSAVE Query: INSERT INTO uren (jaar, week, dagnummer, soortuur, datum, uren, user)
                        values('2019', '12', '3', 'MIR030IN', '2019-03-21', '5.00', 'mwage')
20190416 13:21:12;uren;mwage;BTNSAVE Records worden toegevoegd van jaar 2019 en week 12 voor het updaten van de betreffende week
20190416 13:21:12;uren;mwage;BTNSAVE Query: INSERT INTO uren (jaar, week, dagnummer, soortuur, datum, uren, user)
                        values('2019', '12', '1', 'MIR150OV', '2019-03-19', '8.00', 'mwage')
20190416 13:21:12;uren;mwage;BTNSAVE Records worden toegevoegd van jaar 2019 en week 12 voor het updaten van de betreffende week
20190416 13:21:12;uren;mwage;BTNSAVE Query: INSERT INTO uren (jaar, week, dagnummer, soortuur, datum, uren, user)
                        values('2019', '12', '3', 'MIR150OV', '2019-03-21', '8.00', 'mwage')
20190416 13:21:12;uren;mwage;BTNSAVE Records worden toegevoegd van jaar 2019 en week 12 voor het updaten van de betreffende week
20190416 13:21:12;uren;mwage;BTNSAVE Query: INSERT INTO uren (jaar, week, dagnummer, soortuur, datum, uren, user)
                        values('2019', '12', '5', 'MIR200OV', '2019-03-23', '3.00', 'mwage')
20190416 13:21:12;uren;mwage;BTNSAVE Records worden toegevoegd van jaar 2019 en week 12 voor het updaten van de betreffende week
20190416 13:21:12;uren;mwage;BTNSAVE Query: INSERT INTO uren (jaar, week, dagnummer, soortuur, datum, uren, user)
                        values('2019', '12', '6', 'MIR200OV', '2019-03-24', '3.00', 'mwage')
20190416 13:21:12;uren;mwage;APPROVAL Week 2019 /  12 is aangeboden om approved te worden
20190416 13:21:12;index;mwage;Query: SELECT * FROM uren where user='mwage' GROUP BY user, jaar, week ORDER BY jaar desc , week desc , datum desc LIMIT 10
20190416 13:21:12;index;mwage;Totaal aantal rijen uit de select-query: 6
20190416 13:21:17;uren;mwage;UPDWEEK 001 Op refresh gedrukt POST(week): 201912
20190501 13:45:26;index;;Query: SELECT * FROM uren where user='' GROUP BY user, jaar, week ORDER BY jaar desc , week desc , datum desc LIMIT 10
20190501 13:45:26;index;;Totaal aantal rijen uit de select-query: 0
20190501 13:45:34;login;mwage;User mwage is succesvol ingelogd.
20190501 13:45:34;index;mwage;Query: SELECT * FROM uren where user='mwage' GROUP BY user, jaar, week ORDER BY jaar desc , week desc , datum desc LIMIT 10
20190501 13:45:34;index;mwage;Totaal aantal rijen uit de select-query: 6
20190501 13:46:13;uren;mwage;UPDWEEK 001 Op refresh gedrukt POST(week): 201917
20190501 13:46:18;uren;mwage;UPDWEEK 001 Op refresh gedrukt POST(week): 201912
20190503 12:58:13;index;;Query: SELECT * FROM uren where user='' GROUP BY user, jaar, week ORDER BY jaar desc , week desc , datum desc LIMIT 10
20190503 12:58:13;index;;Totaal aantal rijen uit de select-query: 0
20190503 12:58:22;login;mwage;User mwage is succesvol ingelogd.
20190503 12:58:22;index;mwage;Query: SELECT * FROM uren where user='mwage' GROUP BY user, jaar, week ORDER BY jaar desc , week desc , datum desc LIMIT 10
20190503 12:58:22;index;mwage;Totaal aantal rijen uit de select-query: 6
20190503 14:30:05;login;mwage;User mwage is succesvol ingelogd.
20190503 14:30:05;index;mwage;Query: SELECT * FROM uren where user='mwage' GROUP BY user, jaar, week ORDER BY jaar desc , week desc , datum desc LIMIT 10
20190503 14:30:05;index;mwage;Totaal aantal rijen uit de select-query: 6
20190503 15:43:53;login;mwage;User mwage is succesvol ingelogd.
20190503 15:43:53;index;mwage;Query: SELECT * FROM uren where user='mwage' GROUP BY user, jaar, week ORDER BY jaar desc , week desc , datum desc LIMIT 10
20190503 15:43:53;index;mwage;Totaal aantal rijen uit de select-query: 6
20190503 15:44:30;index;mwage;Query: SELECT * FROM uren where user='mwage' GROUP BY user, jaar, week ORDER BY jaar desc , week desc , datum desc LIMIT 10
20190503 15:44:30;index;mwage;Totaal aantal rijen uit de select-query: 6
20190503 19:33:56;index;;Query: SELECT * FROM uren where user='' GROUP BY user, jaar, week ORDER BY jaar desc , week desc , datum desc LIMIT 10
20190503 19:33:56;index;;Totaal aantal rijen uit de select-query: 0
20190503 19:34:04;login;mwage;User mwage is succesvol ingelogd.
20190503 19:34:04;index;mwage;Query: SELECT * FROM uren where user='mwage' GROUP BY user, jaar, week ORDER BY jaar desc , week desc , datum desc LIMIT 10
20190503 19:34:04;index;mwage;Totaal aantal rijen uit de select-query: 6
20190503 20:44:13;login;mwage;User mwage is succesvol ingelogd.
20190503 20:44:13;index;mwage;Query: SELECT * FROM uren where user='mwage' GROUP BY user, jaar, week ORDER BY jaar desc , week desc , datum desc LIMIT 10
20190503 20:44:13;index;mwage;Totaal aantal rijen uit de select-query: 6
20190503 21:23:13;index;;Query: SELECT * FROM uren where user='' GROUP BY user, jaar, week ORDER BY jaar desc , week desc , datum desc LIMIT 10
20190503 21:23:13;index;;Totaal aantal rijen uit de select-query: 0
20190503 21:23:19;login;mwage;User mwage is succesvol ingelogd.
20190503 21:23:20;index;mwage;Query: SELECT * FROM uren where user='mwage' GROUP BY user, jaar, week ORDER BY jaar desc , week desc , datum desc LIMIT 10
20190503 21:23:20;index;mwage;Totaal aantal rijen uit de select-query: 6
20190503 21:48:47;index;;Query: SELECT * FROM uren where user='' GROUP BY user, jaar, week ORDER BY jaar desc , week desc , datum desc LIMIT 10
20190503 21:48:47;index;;Totaal aantal rijen uit de select-query: 0
20190503 21:48:54;login;mwage;User mwage is succesvol ingelogd.
20190503 21:48:54;index;mwage;Query: SELECT * FROM uren where user='mwage' GROUP BY user, jaar, week ORDER BY jaar desc , week desc , datum desc LIMIT 10
20190503 21:48:54;index;mwage;Totaal aantal rijen uit de select-query: 6
20190503 21:50:16;index;;Query: SELECT * FROM uren where user='' GROUP BY user, jaar, week ORDER BY jaar desc , week desc , datum desc LIMIT 10
20190503 21:50:16;index;;Totaal aantal rijen uit de select-query: 0
20190503 21:50:25;login;mwage;User mwage is succesvol ingelogd.
20190503 21:50:25;index;mwage;Query: SELECT * FROM uren where user='mwage' GROUP BY user, jaar, week ORDER BY jaar desc , week desc , datum desc LIMIT 10
20190503 21:50:25;index;mwage;Totaal aantal rijen uit de select-query: 6
20190503 22:00:35;index;;Query: SELECT * FROM uren where user='' GROUP BY user, jaar, week ORDER BY jaar desc , week desc , datum desc LIMIT 10
20190503 22:00:35;index;;Totaal aantal rijen uit de select-query: 0
20190503 22:00:42;login;mwage;User mwage is succesvol ingelogd.
20190503 22:00:42;index;mwage;Query: SELECT * FROM uren where user='mwage' GROUP BY user, jaar, week ORDER BY jaar desc , week desc , datum desc LIMIT 10
20190503 22:00:42;index;mwage;Totaal aantal rijen uit de select-query: 6
20190506 05:18:37;index;;Query: SELECT * FROM uren where user='' GROUP BY user, jaar, week ORDER BY jaar desc , week desc , datum desc LIMIT 10
20190506 05:18:37;index;;Totaal aantal rijen uit de select-query: 0
20190506 05:18:43;login;mwage;User mwage is succesvol ingelogd.
20190506 05:18:43;index;mwage;Query: SELECT * FROM uren where user='mwage' GROUP BY user, jaar, week ORDER BY jaar desc , week desc , datum desc LIMIT 10
20190506 05:18:43;index;mwage;Totaal aantal rijen uit de select-query: 6
20190506 05:34:13;index;mwage;Query: SELECT * FROM uren where user='mwage' GROUP BY user, jaar, week ORDER BY jaar desc , week desc , datum desc LIMIT 10
20190506 05:34:13;index;mwage;Totaal aantal rijen uit de select-query: 6
20190506 05:50:45;login;mwage;User mwage is succesvol ingelogd.
20190506 05:50:45;index;mwage;Query: SELECT * FROM uren where user='mwage' GROUP BY user, jaar, week ORDER BY jaar desc , week desc , datum desc LIMIT 10
20190506 05:50:45;index;mwage;Totaal aantal rijen uit de select-query: 6
20190506 05:51:21;uren;mwage;UPDWEEK 001 Op refresh gedrukt POST(week): 201919
20190506 05:51:21;index;mwage;Query: SELECT * FROM uren where user='mwage' GROUP BY user, jaar, week ORDER BY jaar desc , week desc , datum desc LIMIT 10
20190506 05:51:21;index;mwage;Totaal aantal rijen uit de select-query: 6
20190506 11:22:42;index;mwage;Query: SELECT * FROM uren where user='mwage' GROUP BY user, jaar, week ORDER BY jaar desc , week desc , datum desc LIMIT 10
20190506 11:22:42;index;mwage;Totaal aantal rijen uit de select-query: 6
20190506 11:27:21;index;mwage;Query: SELECT * FROM uren where user='mwage' GROUP BY user, jaar, week ORDER BY jaar desc , week desc , datum desc LIMIT 10
20190506 11:27:21;index;mwage;Totaal aantal rijen uit de select-query: 6
20190506 11:27:27;login;mwage;User mwage is succesvol ingelogd.
20190506 11:27:27;index;mwage;Query: SELECT * FROM uren where user='mwage' GROUP BY user, jaar, week ORDER BY jaar desc , week desc , datum desc LIMIT 10
20190506 11:27:27;index;mwage;Totaal aantal rijen uit de select-query: 6
20190506 11:28:15;index;mwage;Query: SELECT * FROM uren where user='mwage' GROUP BY user, jaar, week ORDER BY jaar desc , week desc , datum desc LIMIT 10
20190506 11:28:15;index;mwage;Totaal aantal rijen uit de select-query: 6
20190506 12:28:44;login;mwage;User mwage is succesvol ingelogd.
20190506 12:28:44;index;mwage;Query: SELECT * FROM uren where user='mwage' GROUP BY user, jaar, week ORDER BY jaar desc , week desc , datum desc LIMIT 10
20190506 12:28:44;index;mwage;Totaal aantal rijen uit de select-query: 6
20190506 13:00:58;index;;Query: SELECT * FROM uren where user='' GROUP BY user, jaar, week ORDER BY jaar desc , week desc , datum desc LIMIT 10
20190506 13:00:58;index;;Totaal aantal rijen uit de select-query: 0
20190506 13:01:06;login;mwage;User mwage is succesvol ingelogd.
20190506 13:01:06;index;mwage;Query: SELECT * FROM uren where user='mwage' GROUP BY user, jaar, week ORDER BY jaar desc , week desc , datum desc LIMIT 10
20190506 13:01:06;index;mwage;Totaal aantal rijen uit de select-query: 6
20190506 13:22:25;index;mwage;Query: SELECT * FROM uren where user='mwage' GROUP BY user, jaar, week ORDER BY jaar desc , week desc , datum desc LIMIT 10
20190506 13:22:25;index;mwage;Totaal aantal rijen uit de select-query: 6
20190506 14:02:11;login;mwage;User mwage is succesvol ingelogd.
20190506 14:02:11;index;mwage;Query: SELECT * FROM uren where user='mwage' GROUP BY user, jaar, week ORDER BY jaar desc , week desc , datum desc LIMIT 10
20190506 14:02:11;index;mwage;Totaal aantal rijen uit de select-query: 6
20190506 14:07:31;logout;mwage;User is succesvol uitgelogd
20190506 18:12:12;index;;Query: SELECT * FROM uren where user='' GROUP BY user, jaar, week ORDER BY jaar desc , week desc , datum desc LIMIT 10
20190506 18:12:12;index;;Totaal aantal rijen uit de select-query: 0
20190506 18:12:20;login;mwage;User mwage is succesvol ingelogd.
20190506 18:12:20;index;mwage;Query: SELECT * FROM uren where user='mwage' GROUP BY user, jaar, week ORDER BY jaar desc , week desc , datum desc LIMIT 10
20190506 18:12:20;index;mwage;Totaal aantal rijen uit de select-query: 6
20190506 18:36:32;index;mwage;Query: SELECT * FROM uren where user='mwage' GROUP BY user, jaar, week ORDER BY jaar desc , week desc , datum desc LIMIT 10
20190506 18:36:32;index;mwage;Totaal aantal rijen uit de select-query: 6
20190506 18:40:25;index;mwage;Query: SELECT * FROM uren where user='mwage' GROUP BY user, jaar, week ORDER BY jaar desc , week desc , datum desc LIMIT 10
20190506 18:40:25;index;mwage;Totaal aantal rijen uit de select-query: 6
20190506 18:58:14;index;;Query: SELECT * FROM uren where user='' GROUP BY user, jaar, week ORDER BY jaar desc , week desc , datum desc LIMIT 10
20190506 18:58:14;index;;Totaal aantal rijen uit de select-query: 0
20190506 18:58:21;login;mwage;User mwage is succesvol ingelogd.
20190506 18:58:21;index;mwage;Query: SELECT * FROM uren where user='mwage' GROUP BY user, jaar, week ORDER BY jaar desc , week desc , datum desc LIMIT 10
20190506 18:58:21;index;mwage;Totaal aantal rijen uit de select-query: 6
20190506 18:58:34;index;mwage;Query: SELECT * FROM uren where user='mwage' GROUP BY user, jaar, week ORDER BY jaar desc , week desc , datum desc LIMIT 10
20190506 18:58:34;index;mwage;Totaal aantal rijen uit de select-query: 6
20190507 07:30:05;index;;Query: SELECT * FROM uren where user='' GROUP BY user, jaar, week ORDER BY jaar desc , week desc , datum desc LIMIT 10
20190507 07:30:05;index;;Totaal aantal rijen uit de select-query: 0
20190507 07:30:11;login;mwage;User mwage is succesvol ingelogd.
20190507 07:30:11;index;mwage;Query: SELECT * FROM uren where user='mwage' GROUP BY user, jaar, week ORDER BY jaar desc , week desc , datum desc LIMIT 10
20190507 07:30:11;index;mwage;Totaal aantal rijen uit de select-query: 6
20190507 07:50:34;uren;mwage;UPDWEEK 001 Op refresh gedrukt POST(week): 201912
20190507 09:33:30;uren;mwage;UPDWEEK 001 Op refresh gedrukt POST(week): 201912
20190507 09:33:30;index;mwage;Query: SELECT * FROM uren where user='mwage' GROUP BY user, jaar, week ORDER BY jaar desc , week desc , datum desc LIMIT 10
20190507 09:33:30;index;mwage;Totaal aantal rijen uit de select-query: 6
20190507 09:34:03;index;mwage;Query: SELECT * FROM uren where user='mwage' GROUP BY user, jaar, week ORDER BY jaar desc , week desc , datum desc LIMIT 10
20190507 09:34:03;index;mwage;Totaal aantal rijen uit de select-query: 6
20190507 11:19:10;index;;Query: SELECT * FROM uren where user='' GROUP BY user, jaar, week ORDER BY jaar desc , week desc , datum desc LIMIT 10
20190507 11:19:10;index;;Totaal aantal rijen uit de select-query: 0
20190507 11:19:23;login;mwage;User mwage is succesvol ingelogd.
20190507 11:19:23;index;mwage;Query: SELECT * FROM uren where user='mwage' GROUP BY user, jaar, week ORDER BY jaar desc , week desc , datum desc LIMIT 10
20190507 11:19:23;index;mwage;Totaal aantal rijen uit de select-query: 6
20190507 12:01:13;index;mwage;Query: SELECT * FROM uren where user='mwage' GROUP BY user, jaar, week ORDER BY jaar desc , week desc , datum desc LIMIT 10
20190507 12:01:13;index;mwage;Totaal aantal rijen uit de select-query: 6
20190507 12:28:23;uren;mwage;UPDWEEK 001 Op refresh gedrukt POST(week): 201919
20190507 12:28:23;uren;mwage;BTNSAVE Controle of er al gegevens van jaar 2019 en week 19 zijn
20190507 12:28:23;uren;mwage;BTNSAVE Query: SELECT * FROM uren where user='mwage' AND week='19' AND jaar='2019'
20190507 12:28:23;uren;mwage;BTNSAVE Records worden toegevoegd van jaar 2019 en week 19 voor het updaten van de betreffende week
20190507 12:28:23;uren;mwage;BTNSAVE Query: INSERT INTO uren (jaar, week, dagnummer, soortuur, datum, uren, user)
                        values('2019', '19', '0', 'MIR000UU', '2019-05-06', '8', 'mwage')
20190507 12:28:23;uren;mwage;BTNSAVE Records worden toegevoegd van jaar 2019 en week 19 voor het updaten van de betreffende week
20190507 12:28:23;uren;mwage;BTNSAVE Query: INSERT INTO uren (jaar, week, dagnummer, soortuur, datum, uren, user)
                        values('2019', '19', '1', 'MIR000UU', '2019-05-07', '8', 'mwage')
20190507 12:28:23;uren;mwage;BTNSAVE Records worden toegevoegd van jaar 2019 en week 19 voor het updaten van de betreffende week
20190507 12:28:23;uren;mwage;BTNSAVE Query: INSERT INTO uren (jaar, week, dagnummer, soortuur, datum, uren, user)
                        values('2019', '19', '2', 'MIR000UU', '2019-05-08', '8', 'mwage')
20190507 12:28:23;uren;mwage;BTNSAVE Records worden toegevoegd van jaar 2019 en week 19 voor het updaten van de betreffende week
20190507 12:28:23;uren;mwage;BTNSAVE Query: INSERT INTO uren (jaar, week, dagnummer, soortuur, datum, uren, user)
                        values('2019', '19', '3', 'MIR000UU', '2019-05-09', '8', 'mwage')
20190507 12:28:23;uren;mwage;BTNSAVE Records worden toegevoegd van jaar 2019 en week 19 voor het updaten van de betreffende week
20190507 12:28:23;uren;mwage;BTNSAVE Query: INSERT INTO uren (jaar, week, dagnummer, soortuur, datum, uren, user)
                        values('2019', '19', '4', 'MIR000UU', '2019-05-10', '8', 'mwage')
20190507 12:28:33;login;mwage;User mwage is succesvol ingelogd.
20190507 12:28:33;index;mwage;Query: SELECT * FROM uren where user='mwage' GROUP BY user, jaar, week ORDER BY jaar desc , week desc , datum desc LIMIT 10
20190507 12:28:33;index;mwage;Totaal aantal rijen uit de select-query: 7
20190507 12:29:56;index;mwage;Query: SELECT * FROM uren where user='mwage' GROUP BY user, jaar, week ORDER BY jaar desc , week desc , datum desc LIMIT 10
20190507 12:29:56;index;mwage;Totaal aantal rijen uit de select-query: 7
20190507 12:39:15;uren;mwage;UPDWEEK 001 Op refresh gedrukt POST(week): 201912
20190507 12:56:36;uren;mwage;UPDWEEK 001 Op refresh gedrukt POST(week): 201912
20190507 12:56:36;uren;mwage;BTNSAVE Controle of er al gegevens van jaar 2019 en week 12 zijn
20190507 12:56:36;uren;mwage;BTNSAVE Query: SELECT * FROM uren where user='mwage' AND week='12' AND jaar='2019'
20190507 12:56:36;uren;mwage;BTNSAVE Records worden verwijderd van jaar 2019 en week 12 voor het updaten van de betreffende week
20190507 12:56:36;uren;mwage;BTNSAVE Query: DELETE FROM uren where user='mwage' AND week='12' AND jaar='2019'
20190507 12:56:36;uren;mwage;BTNSAVE Records worden toegevoegd van jaar 2019 en week 12 voor het updaten van de betreffende week
20190507 12:56:36;uren;mwage;BTNSAVE Query: INSERT INTO uren (jaar, week, dagnummer, soortuur, datum, uren, user)
                        values('2019', '12', '0', 'MIR000UU', '2019-03-18', '8.00', 'mwage')
20190507 12:56:36;uren;mwage;BTNSAVE Records worden toegevoegd van jaar 2019 en week 12 voor het updaten van de betreffende week
20190507 12:56:36;uren;mwage;BTNSAVE Query: INSERT INTO uren (jaar, week, dagnummer, soortuur, datum, uren, user)
                        values('2019', '12', '2', 'MIR000UU', '2019-03-20', '8.00', 'mwage')
20190507 12:56:36;uren;mwage;BTNSAVE Records worden toegevoegd van jaar 2019 en week 12 voor het updaten van de betreffende week
20190507 12:56:36;uren;mwage;BTNSAVE Query: INSERT INTO uren (jaar, week, dagnummer, soortuur, datum, uren, user)
                        values('2019', '12', '4', 'MIR000UU', '2019-03-22', '8.00', 'mwage')
20190507 12:56:36;uren;mwage;BTNSAVE Records worden toegevoegd van jaar 2019 en week 12 voor het updaten van de betreffende week
20190507 12:56:36;uren;mwage;BTNSAVE Query: INSERT INTO uren (jaar, week, dagnummer, soortuur, datum, uren, user)
                        values('2019', '12', '0', 'MIR030IN', '2019-03-18', '5.00', 'mwage')
20190507 12:56:36;uren;mwage;BTNSAVE Records worden toegevoegd van jaar 2019 en week 12 voor het updaten van de betreffende week
20190507 12:56:36;uren;mwage;BTNSAVE Query: INSERT INTO uren (jaar, week, dagnummer, soortuur, datum, uren, user)
                        values('2019', '12', '1', 'MIR030IN', '2019-03-19', '3.00', 'mwage')
20190507 12:56:36;uren;mwage;BTNSAVE Records worden toegevoegd van jaar 2019 en week 12 voor het updaten van de betreffende week
20190507 12:56:36;uren;mwage;BTNSAVE Query: INSERT INTO uren (jaar, week, dagnummer, soortuur, datum, uren, user)
                        values('2019', '12', '2', 'MIR030IN', '2019-03-20', '2.00', 'mwage')
20190507 12:56:36;uren;mwage;BTNSAVE Records worden toegevoegd van jaar 2019 en week 12 voor het updaten van de betreffende week
20190507 12:56:36;uren;mwage;BTNSAVE Query: INSERT INTO uren (jaar, week, dagnummer, soortuur, datum, uren, user)
                        values('2019', '12', '3', 'MIR030IN', '2019-03-21', '5.00', 'mwage')
20190507 12:56:36;uren;mwage;BTNSAVE Records worden toegevoegd van jaar 2019 en week 12 voor het updaten van de betreffende week
20190507 12:56:36;uren;mwage;BTNSAVE Query: INSERT INTO uren (jaar, week, dagnummer, soortuur, datum, uren, user)
                        values('2019', '12', '1', 'MIR150OV', '2019-03-19', '8.00', 'mwage')
20190507 12:56:36;uren;mwage;BTNSAVE Records worden toegevoegd van jaar 2019 en week 12 voor het updaten van de betreffende week
20190507 12:56:36;uren;mwage;BTNSAVE Query: INSERT INTO uren (jaar, week, dagnummer, soortuur, datum, uren, user)
                        values('2019', '12', '3', 'MIR150OV', '2019-03-21', '8.00', 'mwage')
20190507 12:56:36;uren;mwage;BTNSAVE Records worden toegevoegd van jaar 2019 en week 12 voor het updaten van de betreffende week
20190507 12:56:36;uren;mwage;BTNSAVE Query: INSERT INTO uren (jaar, week, dagnummer, soortuur, datum, uren, user)
                        values('2019', '12', '5', 'MIR200OV', '2019-03-23', '3.00', 'mwage')
20190507 12:56:36;uren;mwage;BTNSAVE Records worden toegevoegd van jaar 2019 en week 12 voor het updaten van de betreffende week
20190507 12:56:36;uren;mwage;BTNSAVE Query: INSERT INTO uren (jaar, week, dagnummer, soortuur, datum, uren, user)
                        values('2019', '12', '6', 'MIR200OV', '2019-03-24', '3.00', 'mwage')
20190507 12:56:36;uren;mwage;BTNSAVE Records worden toegevoegd van jaar 2019 en week 12 voor het updaten van de betreffende week
20190507 12:56:36;uren;mwage;BTNSAVE Query: INSERT INTO uren (jaar, week, dagnummer, soortuur, datum, uren, user)
                        values('2019', '12', '2', 'MIR120OV', '2019-03-20', '2', 'mwage')
20190507 12:56:36;uren;mwage;BTNSAVE Records worden toegevoegd van jaar 2019 en week 12 voor het updaten van de betreffende week
20190507 12:56:36;uren;mwage;BTNSAVE Query: INSERT INTO uren (jaar, week, dagnummer, soortuur, datum, uren, user)
                        values('2019', '12', '3', 'MIR120OV', '2019-03-21', '2', 'mwage')
20190507 12:56:36;uren;mwage;BTNSAVE Records worden toegevoegd van jaar 2019 en week 12 voor het updaten van de betreffende week
20190507 12:56:36;uren;mwage;BTNSAVE Query: INSERT INTO uren (jaar, week, dagnummer, soortuur, datum, uren, user)
                        values('2019', '12', '4', 'MIR120OV', '2019-03-22', '2', 'mwage')
20190507 12:56:59;uren;mwage;UPDWEEK 001 Op refresh gedrukt POST(week): 201912
20190507 12:56:59;uren;mwage;BTNSAVE Controle of er al gegevens van jaar 2019 en week 12 zijn
20190507 12:56:59;uren;mwage;BTNSAVE Query: SELECT * FROM uren where user='mwage' AND week='12' AND jaar='2019'
20190507 12:56:59;uren;mwage;BTNSAVE Records worden verwijderd van jaar 2019 en week 12 voor het updaten van de betreffende week
20190507 12:56:59;uren;mwage;BTNSAVE Query: DELETE FROM uren where user='mwage' AND week='12' AND jaar='2019'
20190507 12:56:59;uren;mwage;BTNSAVE Records worden toegevoegd van jaar 2019 en week 12 voor het updaten van de betreffende week
20190507 12:56:59;uren;mwage;BTNSAVE Query: INSERT INTO uren (jaar, week, dagnummer, soortuur, datum, uren, user)
                        values('2019', '12', '0', 'MIR000UU', '2019-03-18', '8.00', 'mwage')
20190507 12:56:59;uren;mwage;BTNSAVE Records worden toegevoegd van jaar 2019 en week 12 voor het updaten van de betreffende week
20190507 12:56:59;uren;mwage;BTNSAVE Query: INSERT INTO uren (jaar, week, dagnummer, soortuur, datum, uren, user)
                        values('2019', '12', '2', 'MIR000UU', '2019-03-20', '8.00', 'mwage')
20190507 12:56:59;uren;mwage;BTNSAVE Records worden toegevoegd van jaar 2019 en week 12 voor het updaten van de betreffende week
20190507 12:56:59;uren;mwage;BTNSAVE Query: INSERT INTO uren (jaar, week, dagnummer, soortuur, datum, uren, user)
                        values('2019', '12', '4', 'MIR000UU', '2019-03-22', '8.00', 'mwage')
20190507 12:56:59;uren;mwage;BTNSAVE Records worden toegevoegd van jaar 2019 en week 12 voor het updaten van de betreffende week
20190507 12:56:59;uren;mwage;BTNSAVE Query: INSERT INTO uren (jaar, week, dagnummer, soortuur, datum, uren, user)
                        values('2019', '12', '0', 'MIR030IN', '2019-03-18', '5.00', 'mwage')
20190507 12:56:59;uren;mwage;BTNSAVE Records worden toegevoegd van jaar 2019 en week 12 voor het updaten van de betreffende week
20190507 12:56:59;uren;mwage;BTNSAVE Query: INSERT INTO uren (jaar, week, dagnummer, soortuur, datum, uren, user)
                        values('2019', '12', '1', 'MIR030IN', '2019-03-19', '3.00', 'mwage')
20190507 12:56:59;uren;mwage;BTNSAVE Records worden toegevoegd van jaar 2019 en week 12 voor het updaten van de betreffende week
20190507 12:56:59;uren;mwage;BTNSAVE Query: INSERT INTO uren (jaar, week, dagnummer, soortuur, datum, uren, user)
                        values('2019', '12', '2', 'MIR030IN', '2019-03-20', '2.00', 'mwage')
20190507 12:56:59;uren;mwage;BTNSAVE Records worden toegevoegd van jaar 2019 en week 12 voor het updaten van de betreffende week
20190507 12:56:59;uren;mwage;BTNSAVE Query: INSERT INTO uren (jaar, week, dagnummer, soortuur, datum, uren, user)
                        values('2019', '12', '3', 'MIR030IN', '2019-03-21', '5.00', 'mwage')
20190507 12:56:59;uren;mwage;BTNSAVE Records worden toegevoegd van jaar 2019 en week 12 voor het updaten van de betreffende week
20190507 12:56:59;uren;mwage;BTNSAVE Query: INSERT INTO uren (jaar, week, dagnummer, soortuur, datum, uren, user)
                        values('2019', '12', '2', 'MIR120OV', '2019-03-20', '2.00', 'mwage')
20190507 12:56:59;uren;mwage;BTNSAVE Records worden toegevoegd van jaar 2019 en week 12 voor het updaten van de betreffende week
20190507 12:56:59;uren;mwage;BTNSAVE Query: INSERT INTO uren (jaar, week, dagnummer, soortuur, datum, uren, user)
                        values('2019', '12', '3', 'MIR120OV', '2019-03-21', '2.00', 'mwage')
20190507 12:56:59;uren;mwage;BTNSAVE Records worden toegevoegd van jaar 2019 en week 12 voor het updaten van de betreffende week
20190507 12:56:59;uren;mwage;BTNSAVE Query: INSERT INTO uren (jaar, week, dagnummer, soortuur, datum, uren, user)
                        values('2019', '12', '4', 'MIR120OV', '2019-03-22', '2.00', 'mwage')
20190507 12:56:59;uren;mwage;BTNSAVE Records worden toegevoegd van jaar 2019 en week 12 voor het updaten van de betreffende week
20190507 12:56:59;uren;mwage;BTNSAVE Query: INSERT INTO uren (jaar, week, dagnummer, soortuur, datum, uren, user)
                        values('2019', '12', '1', 'MIR150OV', '2019-03-19', '8.00', 'mwage')
20190507 12:56:59;uren;mwage;BTNSAVE Records worden toegevoegd van jaar 2019 en week 12 voor het updaten van de betreffende week
20190507 12:56:59;uren;mwage;BTNSAVE Query: INSERT INTO uren (jaar, week, dagnummer, soortuur, datum, uren, user)
                        values('2019', '12', '3', 'MIR150OV', '2019-03-21', '8.00', 'mwage')
20190507 12:56:59;uren;mwage;BTNSAVE Records worden toegevoegd van jaar 2019 en week 12 voor het updaten van de betreffende week
20190507 12:56:59;uren;mwage;BTNSAVE Query: INSERT INTO uren (jaar, week, dagnummer, soortuur, datum, uren, user)
                        values('2019', '12', '5', 'MIR200OV', '2019-03-23', '3.00', 'mwage')
20190507 12:56:59;uren;mwage;BTNSAVE Records worden toegevoegd van jaar 2019 en week 12 voor het updaten van de betreffende week
20190507 12:56:59;uren;mwage;BTNSAVE Query: INSERT INTO uren (jaar, week, dagnummer, soortuur, datum, uren, user)
                        values('2019', '12', '6', 'MIR200OV', '2019-03-24', '3.00', 'mwage')
20190507 12:56:59;uren;mwage;BTNSAVE Records worden toegevoegd van jaar 2019 en week 12 voor het updaten van de betreffende week
20190507 12:56:59;uren;mwage;BTNSAVE Query: INSERT INTO uren (jaar, week, dagnummer, soortuur, datum, uren, user)
                        values('2019', '12', '0', 'MIR100OV', '2019-03-18', '2', 'mwage')
20190507 12:56:59;uren;mwage;BTNSAVE Records worden toegevoegd van jaar 2019 en week 12 voor het updaten van de betreffende week
20190507 12:56:59;uren;mwage;BTNSAVE Query: INSERT INTO uren (jaar, week, dagnummer, soortuur, datum, uren, user)
                        values('2019', '12', '1', 'MIR100OV', '2019-03-19', '3', 'mwage')
20190507 12:57:22;uren;mwage;UPDWEEK 001 Op refresh gedrukt POST(week): 201912
20190507 12:57:26;uren;mwage;UPDWEEK 001 Op refresh gedrukt POST(week): 201912
20190507 12:57:26;uren;mwage;BTNSAVE Controle of er al gegevens van jaar 2019 en week 12 zijn
20190507 12:57:26;uren;mwage;BTNSAVE Query: SELECT * FROM uren where user='mwage' AND week='12' AND jaar='2019'
20190507 12:57:26;uren;mwage;BTNSAVE Records worden verwijderd van jaar 2019 en week 12 voor het updaten van de betreffende week
20190507 12:57:26;uren;mwage;BTNSAVE Query: DELETE FROM uren where user='mwage' AND week='12' AND jaar='2019'
20190507 12:57:26;uren;mwage;BTNSAVE Records worden toegevoegd van jaar 2019 en week 12 voor het updaten van de betreffende week
20190507 12:57:26;uren;mwage;BTNSAVE Query: INSERT INTO uren (jaar, week, dagnummer, soortuur, datum, uren, user)
                        values('2019', '12', '0', 'MIR000UU', '2019-03-18', '8.00', 'mwage')
20190507 12:57:26;uren;mwage;BTNSAVE Records worden toegevoegd van jaar 2019 en week 12 voor het updaten van de betreffende week
20190507 12:57:26;uren;mwage;BTNSAVE Query: INSERT INTO uren (jaar, week, dagnummer, soortuur, datum, uren, user)
                        values('2019', '12', '2', 'MIR000UU', '2019-03-20', '8.00', 'mwage')
20190507 12:57:26;uren;mwage;BTNSAVE Records worden toegevoegd van jaar 2019 en week 12 voor het updaten van de betreffende week
20190507 12:57:26;uren;mwage;BTNSAVE Query: INSERT INTO uren (jaar, week, dagnummer, soortuur, datum, uren, user)
                        values('2019', '12', '4', 'MIR000UU', '2019-03-22', '8.00', 'mwage')
20190507 12:57:26;uren;mwage;BTNSAVE Records worden toegevoegd van jaar 2019 en week 12 voor het updaten van de betreffende week
20190507 12:57:26;uren;mwage;BTNSAVE Query: INSERT INTO uren (jaar, week, dagnummer, soortuur, datum, uren, user)
                        values('2019', '12', '0', 'MIR030IN', '2019-03-18', '5.00', 'mwage')
20190507 12:57:26;uren;mwage;BTNSAVE Records worden toegevoegd van jaar 2019 en week 12 voor het updaten van de betreffende week
20190507 12:57:26;uren;mwage;BTNSAVE Query: INSERT INTO uren (jaar, week, dagnummer, soortuur, datum, uren, user)
                        values('2019', '12', '1', 'MIR030IN', '2019-03-19', '3.00', 'mwage')
20190507 12:57:26;uren;mwage;BTNSAVE Records worden toegevoegd van jaar 2019 en week 12 voor het updaten van de betreffende week
20190507 12:57:26;uren;mwage;BTNSAVE Query: INSERT INTO uren (jaar, week, dagnummer, soortuur, datum, uren, user)
                        values('2019', '12', '2', 'MIR030IN', '2019-03-20', '2.00', 'mwage')
20190507 12:57:26;uren;mwage;BTNSAVE Records worden toegevoegd van jaar 2019 en week 12 voor het updaten van de betreffende week
20190507 12:57:26;uren;mwage;BTNSAVE Query: INSERT INTO uren (jaar, week, dagnummer, soortuur, datum, uren, user)
                        values('2019', '12', '3', 'MIR030IN', '2019-03-21', '5.00', 'mwage')
20190507 12:57:26;uren;mwage;BTNSAVE Records worden toegevoegd van jaar 2019 en week 12 voor het updaten van de betreffende week
20190507 12:57:26;uren;mwage;BTNSAVE Query: INSERT INTO uren (jaar, week, dagnummer, soortuur, datum, uren, user)
                        values('2019', '12', '0', 'MIR100OV', '2019-03-18', '2.00', 'mwage')
20190507 12:57:26;uren;mwage;BTNSAVE Records worden toegevoegd van jaar 2019 en week 12 voor het updaten van de betreffende week
20190507 12:57:26;uren;mwage;BTNSAVE Query: INSERT INTO uren (jaar, week, dagnummer, soortuur, datum, uren, user)
                        values('2019', '12', '1', 'MIR100OV', '2019-03-19', '3.00', 'mwage')
20190507 12:57:26;uren;mwage;BTNSAVE Records worden toegevoegd van jaar 2019 en week 12 voor het updaten van de betreffende week
20190507 12:57:26;uren;mwage;BTNSAVE Query: INSERT INTO uren (jaar, week, dagnummer, soortuur, datum, uren, user)
                        values('2019', '12', '2', 'MIR120OV', '2019-03-20', '2.00', 'mwage')
20190507 12:57:26;uren;mwage;BTNSAVE Records worden toegevoegd van jaar 2019 en week 12 voor het updaten van de betreffende week
20190507 12:57:26;uren;mwage;BTNSAVE Query: INSERT INTO uren (jaar, week, dagnummer, soortuur, datum, uren, user)
                        values('2019', '12', '3', 'MIR120OV', '2019-03-21', '2.00', 'mwage')
20190507 12:57:26;uren;mwage;BTNSAVE Records worden toegevoegd van jaar 2019 en week 12 voor het updaten van de betreffende week
20190507 12:57:26;uren;mwage;BTNSAVE Query: INSERT INTO uren (jaar, week, dagnummer, soortuur, datum, uren, user)
                        values('2019', '12', '4', 'MIR120OV', '2019-03-22', '2.00', 'mwage')
20190507 12:57:26;uren;mwage;BTNSAVE Records worden toegevoegd van jaar 2019 en week 12 voor het updaten van de betreffende week
20190507 12:57:26;uren;mwage;BTNSAVE Query: INSERT INTO uren (jaar, week, dagnummer, soortuur, datum, uren, user)
                        values('2019', '12', '1', 'MIR150OV', '2019-03-19', '8.00', 'mwage')
20190507 12:57:26;uren;mwage;BTNSAVE Records worden toegevoegd van jaar 2019 en week 12 voor het updaten van de betreffende week
20190507 12:57:26;uren;mwage;BTNSAVE Query: INSERT INTO uren (jaar, week, dagnummer, soortuur, datum, uren, user)
                        values('2019', '12', '3', 'MIR150OV', '2019-03-21', '8.00', 'mwage')
20190507 12:57:26;uren;mwage;BTNSAVE Records worden toegevoegd van jaar 2019 en week 12 voor het updaten van de betreffende week
20190507 12:57:26;uren;mwage;BTNSAVE Query: INSERT INTO uren (jaar, week, dagnummer, soortuur, datum, uren, user)
                        values('2019', '12', '5', 'MIR200OV', '2019-03-23', '3.00', 'mwage')
20190507 12:57:26;uren;mwage;BTNSAVE Records worden toegevoegd van jaar 2019 en week 12 voor het updaten van de betreffende week
20190507 12:57:26;uren;mwage;BTNSAVE Query: INSERT INTO uren (jaar, week, dagnummer, soortuur, datum, uren, user)
                        values('2019', '12', '6', 'MIR200OV', '2019-03-24', '3.00', 'mwage')
20190507 12:57:26;uren;mwage;APPROVAL Week 2019 /  12 is aangeboden om approved te worden
20190507 12:57:26;index;mwage;Query: SELECT * FROM uren where user='mwage' GROUP BY user, jaar, week ORDER BY jaar desc , week desc , datum desc LIMIT 10
20190507 12:57:26;index;mwage;Totaal aantal rijen uit de select-query: 7
20190507 13:55:36;login;mwage;User mwage is succesvol ingelogd.
20190507 13:55:36;index;mwage;Query: SELECT * FROM uren where user='mwage' GROUP BY user, jaar, week ORDER BY jaar desc , week desc , datum desc LIMIT 10
20190507 13:55:36;index;mwage;Totaal aantal rijen uit de select-query: 7
20190507 14:34:20;index;;Query: SELECT * FROM uren where user='' GROUP BY user, jaar, week ORDER BY jaar desc , week desc , datum desc LIMIT 10
20190507 14:34:20;index;;Totaal aantal rijen uit de select-query: 0
20190507 14:34:26;login;mwage;User mwage is succesvol ingelogd.
20190507 14:34:26;index;mwage;Query: SELECT * FROM uren where user='mwage' GROUP BY user, jaar, week ORDER BY jaar desc , week desc , datum desc LIMIT 10
20190507 14:34:26;index;mwage;Totaal aantal rijen uit de select-query: 7
20190507 14:35:38;index;;Query: SELECT * FROM uren where user='' GROUP BY user, jaar, week ORDER BY jaar desc , week desc , datum desc LIMIT 10
20190507 14:35:38;index;;Totaal aantal rijen uit de select-query: 0
20190507 14:35:51;login;mwage;User mwage is succesvol ingelogd.
20190507 14:35:51;index;mwage;Query: SELECT * FROM uren where user='mwage' GROUP BY user, jaar, week ORDER BY jaar desc , week desc , datum desc LIMIT 10
20190507 14:35:51;index;mwage;Totaal aantal rijen uit de select-query: 7
20190507 14:38:53;index;;Query: SELECT * FROM uren where user='' GROUP BY user, jaar, week ORDER BY jaar desc , week desc , datum desc LIMIT 10
20190507 14:38:53;index;;Totaal aantal rijen uit de select-query: 0
20190507 14:39:17;login;mwage;User mwage is succesvol ingelogd.
20190507 14:39:17;index;mwage;Query: SELECT * FROM uren where user='mwage' GROUP BY user, jaar, week ORDER BY jaar desc , week desc , datum desc LIMIT 10
20190507 14:39:17;index;mwage;Totaal aantal rijen uit de select-query: 7
20190507 14:45:20;uren;mwage;UPDWEEK 001 Op refresh gedrukt POST(week): 201912
20190507 14:45:23;uren;mwage;UPDWEEK 001 Op refresh gedrukt POST(week): 201912
20190507 14:45:23;index;mwage;Query: SELECT * FROM uren where user='mwage' GROUP BY user, jaar, week ORDER BY jaar desc , week desc , datum desc LIMIT 10
20190507 14:45:23;index;mwage;Totaal aantal rijen uit de select-query: 7
20190508 05:05:57;index;;Query: SELECT * FROM uren where user='' GROUP BY user, jaar, week ORDER BY jaar desc , week desc , datum desc LIMIT 10
20190508 05:05:57;index;;Totaal aantal rijen uit de select-query: 0
20190508 05:06:04;login;mwage;User mwage is succesvol ingelogd.
20190508 05:06:04;index;mwage;Query: SELECT * FROM uren where user='mwage' GROUP BY user, jaar, week ORDER BY jaar desc , week desc , datum desc LIMIT 10
20190508 05:06:04;index;mwage;Totaal aantal rijen uit de select-query: 7
20190508 05:54:08;index;;Query: SELECT * FROM uren where user='' GROUP BY user, jaar, week ORDER BY jaar desc , week desc , datum desc LIMIT 10
20190508 05:54:08;index;;Totaal aantal rijen uit de select-query: 0
20190508 05:54:15;login;mwage;User mwage is succesvol ingelogd.
20190508 05:54:15;index;mwage;Query: SELECT * FROM uren where user='mwage' GROUP BY user, jaar, week ORDER BY jaar desc , week desc , datum desc LIMIT 10
20190508 05:54:15;index;mwage;Totaal aantal rijen uit de select-query: 7
20190508 05:59:41;index;mwage;Query: SELECT * FROM uren where user='mwage' GROUP BY user, jaar, week ORDER BY jaar desc , week desc , datum desc LIMIT 10
20190508 05:59:41;index;mwage;Totaal aantal rijen uit de select-query: 7
20190508 06:03:14;index;mwage;Query: SELECT * FROM uren where user='mwage' GROUP BY user, jaar, week ORDER BY jaar desc , week desc , datum desc LIMIT 10
20190508 06:03:14;index;mwage;Totaal aantal rijen uit de select-query: 7
20190508 06:03:45;index;mwage;Query: SELECT * FROM uren where user='mwage' GROUP BY user, jaar, week ORDER BY jaar desc , week desc , datum desc LIMIT 10
20190508 06:03:45;index;mwage;Totaal aantal rijen uit de select-query: 7
20190508 06:04:02;index;mwage;Query: SELECT * FROM uren where user='mwage' GROUP BY user, jaar, week ORDER BY jaar desc , week desc , datum desc LIMIT 10
20190508 06:04:02;index;mwage;Totaal aantal rijen uit de select-query: 7
20190508 06:04:40;index;mwage;Query: SELECT * FROM uren where user='mwage' GROUP BY user, jaar, week ORDER BY jaar desc , week desc , datum desc LIMIT 10
20190508 06:04:40;index;mwage;Totaal aantal rijen uit de select-query: 7
20190508 06:04:49;index;mwage;Query: SELECT * FROM uren where user='mwage' GROUP BY user, jaar, week ORDER BY jaar desc , week desc , datum desc LIMIT 10
20190508 06:04:49;index;mwage;Totaal aantal rijen uit de select-query: 7
20190508 06:06:04;index;mwage;Query: SELECT * FROM uren where user='mwage' GROUP BY user, jaar, week ORDER BY jaar desc , week desc , datum desc LIMIT 10
20190508 06:06:04;index;mwage;Totaal aantal rijen uit de select-query: 7
20190508 06:29:06;index;mwage;Query: SELECT * FROM uren where user='mwage' GROUP BY user, jaar, week ORDER BY jaar desc , week desc , datum desc LIMIT 10
20190508 06:29:06;index;mwage;Totaal aantal rijen uit de select-query: 7
20190508 09:25:31;index;mwage;Query: SELECT * FROM uren where user='mwage' GROUP BY user, jaar, week ORDER BY jaar desc , week desc , datum desc LIMIT 10
20190508 09:25:31;index;mwage;Totaal aantal rijen uit de select-query: 7
20190508 09:25:34;index;mwage;Query: SELECT * FROM uren where user='mwage' GROUP BY user, jaar, week ORDER BY jaar desc , week desc , datum desc LIMIT 10
20190508 09:25:35;index;mwage;Totaal aantal rijen uit de select-query: 7
20190508 10:10:09;uren;mwage;UPDWEEK 001 Op refresh gedrukt POST(week): 201912
20190508 10:44:57;uren;mwage;UPDWEEK 001 Op refresh gedrukt POST(week): 201912
20190508 13:10:52;uren;mwage;UPDWEEK 001 Op refresh gedrukt POST(week): 201912
20190508 13:11:21;uren;mwage;UPDWEEK 001 Op refresh gedrukt POST(week): 201912
20190508 13:15:45;uren;mwage;UPDWEEK 001 Op refresh gedrukt POST(week): 201914
20190508 13:15:56;index;mwage;Query: SELECT * FROM uren where user='mwage' GROUP BY user, jaar, week ORDER BY jaar desc , week desc , datum desc LIMIT 10
20190508 13:15:56;index;mwage;Totaal aantal rijen uit de select-query: 7
20190508 13:16:06;uren;mwage;UPDWEEK 001 Op refresh gedrukt POST(week): 201910
20190508 14:02:59;edit_nieuws;mwage;CANCEL User heeft op cancel gedrukt
20190508 14:03:10;logout;mwage;User is succesvol uitgelogd
20190508 14:03:14;login;demo;User demo is succesvol ingelogd.
20190508 14:03:14;index;demo;Query: SELECT * FROM uren where user='demo' GROUP BY user, jaar, week ORDER BY jaar desc , week desc , datum desc LIMIT 10
20190508 14:03:14;index;demo;Totaal aantal rijen uit de select-query: 0
20190508 14:03:24;uren;demo;UPDWEEK 001 Op refresh gedrukt POST(week): 201919
20190508 14:03:24;index;demo;Query: SELECT * FROM uren where user='demo' GROUP BY user, jaar, week ORDER BY jaar desc , week desc , datum desc LIMIT 10
20190508 14:03:24;index;demo;Totaal aantal rijen uit de select-query: 0
20190508 14:03:37;index;demo;Query: SELECT * FROM uren where user='demo' GROUP BY user, jaar, week ORDER BY jaar desc , week desc , datum desc LIMIT 10
20190508 14:03:37;index;demo;Totaal aantal rijen uit de select-query: 0
20190508 14:03:39;edit_nieuws;demo;BUTTONS Geen admin-sessie dus alleen de button bril wordt getoond
20190508 14:03:39;edit_nieuws;demo;BUTTONS Geen admin-sessie dus alleen de button bril wordt getoond
20190508 14:03:39;edit_nieuws;demo;BUTTONS Geen admin-sessie dus alleen de button bril wordt getoond
20190508 14:03:46;edit_nieuws;demo;CANCEL User heeft op cancel gedrukt
20190508 14:03:46;edit_nieuws;demo;BUTTONS Geen admin-sessie dus alleen de button bril wordt getoond
20190508 14:03:46;edit_nieuws;demo;BUTTONS Geen admin-sessie dus alleen de button bril wordt getoond
20190508 14:03:46;edit_nieuws;demo;BUTTONS Geen admin-sessie dus alleen de button bril wordt getoond
20190508 14:03:53;edit_nieuws;demo;CANCEL User heeft op cancel gedrukt
20190508 14:03:53;edit_nieuws;demo;BUTTONS Geen admin-sessie dus alleen de button bril wordt getoond
20190508 14:03:53;edit_nieuws;demo;BUTTONS Geen admin-sessie dus alleen de button bril wordt getoond
20190508 14:03:53;edit_nieuws;demo;BUTTONS Geen admin-sessie dus alleen de button bril wordt getoond
20190508 14:03:57;edit_nieuws;demo;CANCEL User heeft op cancel gedrukt
20190508 14:03:57;edit_nieuws;demo;BUTTONS Geen admin-sessie dus alleen de button bril wordt getoond
20190508 14:03:57;edit_nieuws;demo;BUTTONS Geen admin-sessie dus alleen de button bril wordt getoond
20190508 14:03:57;edit_nieuws;demo;BUTTONS Geen admin-sessie dus alleen de button bril wordt getoond
20190508 14:04:00;edit_nieuws;demo;CANCEL User heeft op cancel gedrukt
20190508 14:04:00;edit_nieuws;demo;BUTTONS Geen admin-sessie dus alleen de button bril wordt getoond
20190508 14:04:00;edit_nieuws;demo;BUTTONS Geen admin-sessie dus alleen de button bril wordt getoond
20190508 14:04:00;edit_nieuws;demo;BUTTONS Geen admin-sessie dus alleen de button bril wordt getoond
20190508 14:04:07;index;demo;Query: SELECT * FROM uren where user='demo' GROUP BY user, jaar, week ORDER BY jaar desc , week desc , datum desc LIMIT 10
20190508 14:04:07;index;demo;Totaal aantal rijen uit de select-query: 0
20190508 14:04:15;logout;demo;User is succesvol uitgelogd
20190508 18:26:39;index;;Query: SELECT * FROM uren where user='' GROUP BY user, jaar, week ORDER BY jaar desc , week desc , datum desc LIMIT 10
20190508 18:26:39;index;;Totaal aantal rijen uit de select-query: 0
20190508 18:26:46;login;mwage;User mwage is succesvol ingelogd.
20190508 18:26:46;index;mwage;Query: SELECT * FROM uren where user='mwage' GROUP BY user, jaar, week ORDER BY jaar desc , week desc , datum desc LIMIT 10
20190508 18:26:46;index;mwage;Totaal aantal rijen uit de select-query: 7
20190508 18:26:57;uren;mwage;UPDWEEK 001 Op refresh gedrukt POST(week): 201912
20190508 18:54:36;index;;Query: SELECT * FROM uren where user='' GROUP BY user, jaar, week ORDER BY jaar desc , week desc , datum desc LIMIT 10
20190508 18:54:36;index;;Totaal aantal rijen uit de select-query: 0
20190508 19:20:36;uren;mwage;UPDWEEK 001 Op refresh gedrukt POST(week): 201914
20190508 19:20:41;uren;mwage;UPDWEEK 001 Op refresh gedrukt POST(week): 201914
20190508 19:20:41;uren;mwage;BTNSAVE Controle of er al gegevens van jaar 2019 en week 14 zijn
20190508 19:20:41;uren;mwage;BTNSAVE Query: SELECT * FROM uren where user='mwage' AND week='14' AND jaar='2019'
20190508 19:20:41;uren;mwage;BTNSAVE Records worden verwijderd van jaar 2019 en week 14 voor het updaten van de betreffende week
20190508 19:20:41;uren;mwage;BTNSAVE Query: DELETE FROM uren where user='mwage' AND week='14' AND jaar='2019'
20190508 19:20:41;uren;mwage;BTNSAVE Records worden toegevoegd van jaar 2019 en week 14 voor het updaten van de betreffende week
20190508 19:20:41;uren;mwage;BTNSAVE Query: INSERT INTO uren (jaar, week, dagnummer, soortuur, datum, uren, user)
                        values('2019', '14', '0', 'MIR000UU', '2019-04-01', '8.00', 'mwage')
20190508 19:20:41;uren;mwage;BTNSAVE Records worden toegevoegd van jaar 2019 en week 14 voor het updaten van de betreffende week
20190508 19:20:41;uren;mwage;BTNSAVE Query: INSERT INTO uren (jaar, week, dagnummer, soortuur, datum, uren, user)
                        values('2019', '14', '2', 'MIR000UU', '2019-04-03', '8.00', 'mwage')
20190508 19:20:41;uren;mwage;BTNSAVE Records worden toegevoegd van jaar 2019 en week 14 voor het updaten van de betreffende week
20190508 19:20:41;uren;mwage;BTNSAVE Query: INSERT INTO uren (jaar, week, dagnummer, soortuur, datum, uren, user)
                        values('2019', '14', '3', 'MIR000UU', '2019-04-04', '3.50', 'mwage')
20190508 19:20:41;uren;mwage;BTNSAVE Records worden toegevoegd van jaar 2019 en week 14 voor het updaten van de betreffende week
20190508 19:20:41;uren;mwage;BTNSAVE Query: INSERT INTO uren (jaar, week, dagnummer, soortuur, datum, uren, user)
                        values('2019', '14', '1', 'MIR150OV', '2019-04-02', '8.00', 'mwage')
20190508 19:20:41;uren;mwage;BTNSAVE Records worden toegevoegd van jaar 2019 en week 14 voor het updaten van de betreffende week
20190508 19:20:41;uren;mwage;BTNSAVE Query: INSERT INTO uren (jaar, week, dagnummer, soortuur, datum, uren, user)
                        values('2019', '14', '3', 'MIR150OV', '2019-04-04', '8.00', 'mwage')
20190508 19:20:41;uren;mwage;BTNSAVE Records worden toegevoegd van jaar 2019 en week 14 voor het updaten van de betreffende week
20190508 19:20:41;uren;mwage;BTNSAVE Query: INSERT INTO uren (jaar, week, dagnummer, soortuur, datum, uren, user)
                        values('2019', '14', '4', 'MIR150OV', '2019-04-05', '3.50', 'mwage')
20190508 19:20:41;uren;mwage;BTNSAVE Records worden toegevoegd van jaar 2019 en week 14 voor het updaten van de betreffende week
20190508 19:20:41;uren;mwage;BTNSAVE Query: INSERT INTO uren (jaar, week, dagnummer, soortuur, datum, uren, user)
                        values('2019', '14', '5', 'MIR150OV', '2019-04-06', '9.00', 'mwage')
20190508 19:20:41;uren;mwage;BTNSAVE Records worden toegevoegd van jaar 2019 en week 14 voor het updaten van de betreffende week
20190508 19:20:41;uren;mwage;BTNSAVE Query: INSERT INTO uren (jaar, week, dagnummer, soortuur, datum, uren, user)
                        values('2019', '14', '6', 'MIR150OV', '2019-04-07', '9.00', 'mwage')
20190508 19:20:41;uren;mwage;APPROVAL Week 2019 /  14 is aangeboden om approved te worden
20190508 19:20:41;index;mwage;Query: SELECT * FROM uren where user='mwage' GROUP BY user, jaar, week ORDER BY jaar desc , week desc , datum desc LIMIT 10
20190508 19:20:41;index;mwage;Totaal aantal rijen uit de select-query: 7
20190508 19:20:57;uren;mwage;UPDWEEK 001 Op refresh gedrukt POST(week): 201915
20190508 19:21:02;uren;mwage;UPDWEEK 001 Op refresh gedrukt POST(week): 201916
20190508 19:21:07;uren;mwage;UPDWEEK 001 Op refresh gedrukt POST(week): 201916
20190508 19:21:07;uren;mwage;BTNSAVE Controle of er al gegevens van jaar 2019 en week 16 zijn
20190508 19:21:07;uren;mwage;BTNSAVE Query: SELECT * FROM uren where user='mwage' AND week='16' AND jaar='2019'
20190508 19:21:07;uren;mwage;BTNSAVE Records worden verwijderd van jaar 2019 en week 16 voor het updaten van de betreffende week
20190508 19:21:07;uren;mwage;BTNSAVE Query: DELETE FROM uren where user='mwage' AND week='16' AND jaar='2019'
20190508 19:21:07;uren;mwage;BTNSAVE Records worden toegevoegd van jaar 2019 en week 16 voor het updaten van de betreffende week
20190508 19:21:07;uren;mwage;BTNSAVE Query: INSERT INTO uren (jaar, week, dagnummer, soortuur, datum, uren, user)
                        values('2019', '16', '0', 'MIR000UU', '2019-04-15', '16.00', 'mwage')
20190508 19:21:07;uren;mwage;BTNSAVE Records worden toegevoegd van jaar 2019 en week 16 voor het updaten van de betreffende week
20190508 19:21:07;uren;mwage;BTNSAVE Query: INSERT INTO uren (jaar, week, dagnummer, soortuur, datum, uren, user)
                        values('2019', '16', '1', 'MIR000UU', '2019-04-16', '16.00', 'mwage')
20190508 19:21:07;uren;mwage;BTNSAVE Records worden toegevoegd van jaar 2019 en week 16 voor het updaten van de betreffende week
20190508 19:21:07;uren;mwage;BTNSAVE Query: INSERT INTO uren (jaar, week, dagnummer, soortuur, datum, uren, user)
                        values('2019', '16', '2', 'MIR000UU', '2019-04-17', '16.00', 'mwage')
20190508 19:21:07;uren;mwage;BTNSAVE Records worden toegevoegd van jaar 2019 en week 16 voor het updaten van de betreffende week
20190508 19:21:07;uren;mwage;BTNSAVE Query: INSERT INTO uren (jaar, week, dagnummer, soortuur, datum, uren, user)
                        values('2019', '16', '3', 'MIR000UU', '2019-04-18', '16.00', 'mwage')
20190508 19:21:07;uren;mwage;BTNSAVE Records worden toegevoegd van jaar 2019 en week 16 voor het updaten van de betreffende week
20190508 19:21:07;uren;mwage;BTNSAVE Query: INSERT INTO uren (jaar, week, dagnummer, soortuur, datum, uren, user)
                        values('2019', '16', '4', 'MIR000UU', '2019-04-19', '16.00', 'mwage')
20190508 19:21:07;uren;mwage;BTNSAVE Records worden toegevoegd van jaar 2019 en week 16 voor het updaten van de betreffende week
20190508 19:21:07;uren;mwage;BTNSAVE Query: INSERT INTO uren (jaar, week, dagnummer, soortuur, datum, uren, user)
                        values('2019', '16', '5', 'MIR000UU', '2019-04-20', '16.00', 'mwage')
20190508 19:21:07;uren;mwage;BTNSAVE Records worden toegevoegd van jaar 2019 en week 16 voor het updaten van de betreffende week
20190508 19:21:07;uren;mwage;BTNSAVE Query: INSERT INTO uren (jaar, week, dagnummer, soortuur, datum, uren, user)
                        values('2019', '16', '6', 'MIR000UU', '2019-04-21', '16.00', 'mwage')
20190508 19:21:07;uren;mwage;BTNSAVE Records worden toegevoegd van jaar 2019 en week 16 voor het updaten van de betreffende week
20190508 19:21:07;uren;mwage;BTNSAVE Query: INSERT INTO uren (jaar, week, dagnummer, soortuur, datum, uren, user)
                        values('2019', '16', '5', 'MIR200OV', '2019-04-20', '3.00', 'mwage')
20190508 19:21:07;uren;mwage;BTNSAVE Records worden toegevoegd van jaar 2019 en week 16 voor het updaten van de betreffende week
20190508 19:21:07;uren;mwage;BTNSAVE Query: INSERT INTO uren (jaar, week, dagnummer, soortuur, datum, uren, user)
                        values('2019', '16', '6', 'MIR200OV', '2019-04-21', '3.00', 'mwage')
20190508 19:21:07;uren;mwage;APPROVAL Week 2019 /  16 is aangeboden om approved te worden
20190508 19:21:07;index;mwage;Query: SELECT * FROM uren where user='mwage' GROUP BY user, jaar, week ORDER BY jaar desc , week desc , datum desc LIMIT 10
20190508 19:21:07;index;mwage;Totaal aantal rijen uit de select-query: 7
20190509 06:24:37;index;;Query: SELECT * FROM uren where user='' GROUP BY user, jaar, week ORDER BY jaar desc , week desc , datum desc LIMIT 10
20190509 06:24:37;index;;Totaal aantal rijen uit de select-query: 0